<?xml version="1.0" encoding="UTF-8"?>
<!-- Generated by org.testng.reporters.JUnitReportReporter -->
<testsuite hostname="MSI" failures="0" tests="2" name="DemoTestNG.ConfigurationAnnotations_2_ListBox" time="0.007" errors="0" timestamp="2024-08-01T22:20:26 WIB" skipped="0">
  <testcase classname="DemoTestNG.ConfigurationAnnotations_2_ListBox" name="test2_JQueryListBox" time="0.004"/>
  <testcase classname="DemoTestNG.ConfigurationAnnotations_2_ListBox" name="test1_BootstrapListBox" time="0.003"/>
</testsuite> <!-- DemoTestNG.ConfigurationAnnotations_2_ListBox -->
