<?xml version="1.0" encoding="UTF-8"?>
<!-- Generated by org.testng.reporters.JUnitReportReporter -->
<testsuite hostname="MSI" failures="0" tests="1" name="DemoTestNG.ConfigurationAnnotations_1_DatePickers" time="0.010" errors="0" timestamp="2024-08-01T22:20:26 WIB" skipped="0">
  <testcase classname="DemoTestNG.ConfigurationAnnotations_1_DatePickers" name="test1_BootstrapDatePicker" time="0.010"/>
</testsuite> <!-- DemoTestNG.ConfigurationAnnotations_1_DatePickers -->
